app/proguard-rules.pro
# Proguard rules for Wear OS PDF Reader
-keep class com.example.wearpdfreader.ui.PdfCanvasView { *; }