app/build/outputs/mapping/release/seeds.txt
com.example.wearpdfreader.ui.PdfCanvasView
com.example.wearpdfreader.ui.PdfCanvasView: android.graphics.ColorMatrixColorFilter nightModeFilter
com.example.wearpdfreader.ui.PdfCanvasView: android.graphics.Matrix drawMatrix
com.example.wearpdfreader.ui.PdfCanvasView: android.graphics.Matrix baseMatrix
com.example.wearpdfreader.ui.PdfCanvasView: float posY
com.example.wearpdfreader.ui.PdfCanvasView: kotlin.jvm.functions.Function0 onSwipePrevPageListener
com.example.wearpdfreader.ui.PdfCanvasView: kotlin.jvm.functions.Function0 onSwipeNextPageListener
com.example.wearpdfreader.ui.PdfCanvasView: int $stable
com.example.wearpdfreader.ui.PdfCanvasView: float scaleFactor
com.example.wearpdfreader.ui.PdfCanvasView: android.graphics.Bitmap bitmap
com.example.wearpdfreader.ui.PdfCanvasView: boolean isNightMode
com.example.wearpdfreader.ui.PdfCanvasView: android.view.ScaleGestureDetector scaleDetector
com.example.wearpdfreader.ui.PdfCanvasView: kotlin.jvm.functions.Function0 onSingleTapListener
com.example.wearpdfreader.ui.PdfCanvasView: float posX
com.example.wearpdfreader.ui.PdfCanvasView: android.graphics.Paint paint
com.example.wearpdfreader.ui.PdfCanvasView: android.view.GestureDetector gestureDetector
com.example.wearpdfreader.ui.PdfCanvasView: kotlin.jvm.functions.Function0 getOnSwipePrevPageListener()
com.example.wearpdfreader.ui.PdfCanvasView: void access$clampPosition(com.example.wearpdfreader.ui.PdfCanvasView)
com.example.wearpdfreader.ui.PdfCanvasView: void access$setPosX$p(com.example.wearpdfreader.ui.PdfCanvasView,float)
com.example.wearpdfreader.ui.PdfCanvasView: void setNightMode(boolean)
com.example.wearpdfreader.ui.PdfCanvasView: void recomputeBaseMatrix()
com.example.wearpdfreader.ui.PdfCanvasView: void onDraw(android.graphics.Canvas)
com.example.wearpdfreader.ui.PdfCanvasView: PdfCanvasView(android.content.Context,android.util.AttributeSet,int)
com.example.wearpdfreader.ui.PdfCanvasView: void onSizeChanged(int,int,int,int)
com.example.wearpdfreader.ui.PdfCanvasView: PdfCanvasView(android.content.Context,android.util.AttributeSet,int,int,kotlin.jvm.internal.DefaultConstructorMarker)
com.example.wearpdfreader.ui.PdfCanvasView: kotlin.jvm.functions.Function0 getOnSingleTapListener()
com.example.wearpdfreader.ui.PdfCanvasView: void access$setScaleFactor$p(com.example.wearpdfreader.ui.PdfCanvasView,float)
com.example.wearpdfreader.ui.PdfCanvasView: PdfCanvasView(android.content.Context)
com.example.wearpdfreader.ui.PdfCanvasView: kotlin.jvm.functions.Function0 getOnSwipeNextPageListener()
com.example.wearpdfreader.ui.PdfCanvasView: float access$getPosX$p(com.example.wearpdfreader.ui.PdfCanvasView)
com.example.wearpdfreader.ui.PdfCanvasView: boolean onTouchEvent(android.view.MotionEvent)
com.example.wearpdfreader.ui.PdfCanvasView: void updateDrawMatrix()
com.example.wearpdfreader.ui.PdfCanvasView: void clampPosition()
com.example.wearpdfreader.ui.PdfCanvasView: void setPageBitmap(android.graphics.Bitmap)
com.example.wearpdfreader.ui.PdfCanvasView: void setOnSwipePrevPageListener(kotlin.jvm.functions.Function0)
com.example.wearpdfreader.ui.PdfCanvasView: void setOnSingleTapListener(kotlin.jvm.functions.Function0)
com.example.wearpdfreader.ui.PdfCanvasView: float access$getPosY$p(com.example.wearpdfreader.ui.PdfCanvasView)
com.example.wearpdfreader.ui.PdfCanvasView: void access$updateDrawMatrix(com.example.wearpdfreader.ui.PdfCanvasView)
com.example.wearpdfreader.ui.PdfCanvasView: void setOnSwipeNextPageListener(kotlin.jvm.functions.Function0)
com.example.wearpdfreader.ui.PdfCanvasView: void access$setPosY$p(com.example.wearpdfreader.ui.PdfCanvasView,float)
com.example.wearpdfreader.ui.PdfCanvasView: PdfCanvasView(android.content.Context,android.util.AttributeSet)
com.example.wearpdfreader.ui.PdfCanvasView: float access$getScaleFactor$p(com.example.wearpdfreader.ui.PdfCanvasView)
...
androidx.core.app.NotificationCompatBuilder$Api26Impl: android.app.Notification$Builder setGroupAlertBehavior(android.app.Notification$Builder,int)
androidx.lifecycle.ReportFragment$LifecycleCallbacks: void onActivityPostStarted(android.app.Activity)
androidx.lifecycle.Lifecycle$Event: androidx.lifecycle.Lifecycle$Event[] values()
androidx.profileinstaller.FileSectionType: androidx.profileinstaller.FileSectionType valueOf(java.lang.String)
androidx.core.app.RemoteInput$Api29Impl: android.app.RemoteInput$Builder setEditChoicesBeforeSending(android.app.RemoteInput$Builder,int)
androidx.lifecycle.ReportFragment$LifecycleCallbacks: void onActivityPostCreated(android.app.Activity,android.os.Bundle)
androidx.core.app.NotificationCompatBuilder$Api31Impl: android.app.Notification$Builder setForegroundServiceBehavior(android.app.Notification$Builder,int)
androidx.lifecycle.ReportFragment$LifecycleCallbacks: void onActivityPreDestroyed(android.app.Activity)
androidx.core.os.ConfigurationCompat$Api24Impl: void setLocales(android.content.res.Configuration,androidx.core.os.LocaleListCompat)
androidx.lifecycle.ReportFragment$LifecycleCallbacks: void registerIn(android.app.Activity)
androidx.core.app.RemoteInput$Api29Impl: int getEditChoicesBeforeSending(java.lang.Object)
androidx.core.app.NotificationCompatBuilder$Api20Impl: android.app.Notification$Builder setSortKey(android.app.Notification$Builder,java.lang.String)
androidx.lifecycle.EmptyActivityLifecycleCallbacks: void onActivityDestroyed(android.app.Activity)
androidx.lifecycle.EmptyActivityLifecycleCallbacks: void onActivityCreated(android.app.Activity,android.os.Bundle)
androidx.core.app.NotificationCompatBuilder$Api29Impl: android.app.Notification$Builder setLocusId(android.app.Notification$Builder,java.lang.Object)
androidx.lifecycle.ProcessLifecycleOwner$attach$1$onActivityPreCreated$1: void onActivityPostResumed(android.app.Activity)
androidx.core.util.ObjectsCompat$Api19Impl: int hash(java.lang.Object[])
androidx.core.app.NotificationCompatBuilder$Api21Impl: android.app.Notification$Builder setVisibility(android.app.Notification$Builder,int)
androidx.core.graphics.drawable.IconCompat$Api23Impl: android.graphics.drawable.Drawable loadDrawable(android.graphics.drawable.Icon,android.content.Context)
com.google.android.gms.common.GooglePlayServicesMissingManifestValueException: GooglePlayServicesMissingManifestValueException()
androidx.core.app.NotificationCompatBuilder$Api20Impl: android.app.Notification$Action build(android.app.Notification$Action$Builder)
androidx.startup.InitializationProvider: InitializationProvider()
androidx.core.app.RemoteActionCompat: RemoteActionCompat()
androidx.core.graphics.drawable.IconCompat$Api26Impl: android.graphics.drawable.Drawable createAdaptiveIconDrawable(android.graphics.drawable.Drawable,android.graphics.drawable.Drawable)
androidx.lifecycle.Lifecycle$State: androidx.lifecycle.Lifecycle$State[] values()
androidx.core.app.NotificationCompatBuilder$Api28Impl: android.app.Notification$Builder addPerson(android.app.Notification$Builder,android.app.Person)
androidx.lifecycle.EmptyActivityLifecycleCallbacks: void onActivityStarted(android.app.Activity)
androidx.core.app.NotificationCompatBuilder$Api24Impl: android.app.Notification$Action$Builder setAllowGeneratedReplies(android.app.Notification$Action$Builder,boolean)
androidx.core.graphics.drawable.IconCompat$Api28Impl: android.net.Uri getUri(java.lang.Object)
android.support.v4.app.RemoteActionCompatParcelizer: void write(androidx.core.app.RemoteActionCompat,androidx.versionedparcelable.VersionedParcel)
androidx.lifecycle.ProcessLifecycleOwner$attach$1$onActivityPreCreated$1: ProcessLifecycleOwner$attach$1$onActivityPreCreated$1(androidx.lifecycle.ProcessLifecycleOwner)
androidx.core.app.NotificationCompatBuilder$Api16Impl: android.app.Notification build(android.app.Notification$Builder)