app/build/outputs/mapping/release/usage.txt
com.ajimsjames.wearpdfreader.R$drawable
com.ajimsjames.wearpdfreader.R$string
com.ajimsjames.wearpdfreader.R$style
com.ajimsjames.wearpdfreader.R
com.example.wearpdfreader.MainActivity$handleIntent$1
com.example.wearpdfreader.MainActivity$onCreate$1$1$1$1
com.example.wearpdfreader.MainActivity$onCreate$1$1$1
com.example.wearpdfreader.MainActivity$onCreate$1$1$2$1
com.example.wearpdfreader.MainActivity$onCreate$1$1$2
com.example.wearpdfreader.MainActivity$onCreate$1$1$3
com.example.wearpdfreader.MainActivity$onCreate$1$1
com.example.wearpdfreader.MainActivity$onCreate$1
com.example.wearpdfreader.MainActivity
com.example.wearpdfreader.Screen$Explorer
com.example.wearpdfreader.Screen$Viewer
com.example.wearpdfreader.Screen
com.example.wearpdfreader.pdf.BookmarkManager
com.example.wearpdfreader.pdf.PdfFileInfo
com.example.wearpdfreader.pdf.PdfFileScanner
com.example.wearpdfreader.pdf.PdfRendererManager$hashKey$1
com.example.wearpdfreader.pdf.PdfRendererManager$memoryCache$1
com.example.wearpdfreader.pdf.PdfRendererManager$openPdf$2
com.example.wearpdfreader.pdf.PdfRendererManager$openSamplePdf$2
com.example.wearpdfreader.pdf.PdfRendererManager$renderPage$2
com.example.wearpdfreader.pdf.PdfRendererManager
com.example.wearpdfreader.pdf.RecentDocsManager$addRecentDoc$1
com.example.wearpdfreader.pdf.RecentDocsManager
com.example.wearpdfreader.pdf.RecentPdfDoc
com.example.wearpdfreader.presentation.ComposableSingletons$PDFExplorerScreenKt$lambda-1$1
com.example.wearpdfreader.presentation.ComposableSingletons$PDFExplorerScreenKt$lambda-2$1
com.example.wearpdfreader.presentation.ComposableSingletons$PDFExplorerScreenKt$lambda-3$1
com.example.wearpdfreader.presentation.ComposableSingletons$PDFExplorerScreenKt
com.example.wearpdfreader.presentation.ComposableSingletons$PDFListScreenKt$lambda-1$1
com.example.wearpdfreader.presentation.ComposableSingletons$PDFListScreenKt$lambda-2$1
com.example.wearpdfreader.presentation.ComposableSingletons$PDFListScreenKt$lambda-3$1
com.example.wearpdfreader.presentation.ComposableSingletons$PDFListScreenKt$lambda-4$1
com.example.wearpdfreader.presentation.ComposableSingletons$PDFListScreenKt$lambda-5$1$1
com.example.wearpdfreader.presentation.ComposableSingletons$PDFListScreenKt$lambda-5$1
com.example.wearpdfreader.presentation.ComposableSingletons$PDFListScreenKt$lambda-6$1
com.example.wearpdfreader.presentation.ComposableSingletons$PDFListScreenKt$lambda-7$1
com.example.wearpdfreader.presentation.ComposableSingletons$PDFListScreenKt$lambda-8$1
com.example.wearpdfreader.presentation.ComposableSingletons$PDFListScreenKt
com.example.wearpdfreader.presentation.ComposableSingletons$PDFViewerScreenKt$lambda-1$1
com.example.wearpdfreader.presentation.ComposableSingletons$PDFViewerScreenKt$lambda-2$1
com.example.wearpdfreader.presentation.ComposableSingletons$PDFViewerScreenKt
com.example.wearpdfreader.presentation.PDFExplorerScreenKt$PDFExplorerScreen$1$1$1
com.example.wearpdfreader.presentation.PDFExplorerScreenKt$PDFExplorerScreen$1$1$2$1$1$1
com.example.wearpdfreader.presentation.PDFExplorerScreenKt$PDFExplorerScreen$1$1$2$1$3$1
com.example.wearpdfreader.presentation.PDFExplorerScreenKt$PDFExplorerScreen$1$1$2
com.example.wearpdfreader.presentation.PDFExplorerScreenKt$PDFExplorerScreen$1$1$3$1
com.example.wearpdfreader.presentation.PDFExplorerScreenKt$PDFExplorerScreen$1$1$3
com.example.wearpdfreader.presentation.PDFExplorerScreenKt$PDFExplorerScreen$1$1$4$1
com.example.wearpdfreader.presentation.PDFExplorerScreenKt$PDFExplorerScreen$1$1$4
com.example.wearpdfreader.presentation.PDFExplorerScreenKt$PDFExplorerScreen$1$1$5$1$1$1
com.example.wearpdfreader.presentation.PDFExplorerScreenKt$PDFExplorerScreen$1$1$5$1$1$3
com.example.wearpdfreader.presentation.PDFExplorerScreenKt$PDFExplorerScreen$1$1$6$1$1$1
com.example.wearpdfreader.presentation.PDFExplorerScreenKt$PDFExplorerScreen$1$1$6$1$1$3
com.example.wearpdfreader.presentation.PDFExplorerScreenKt$PDFExplorerScreen$1$1$invoke$$inlined$items$default$1
...
com.google.android.gms.wearable.internal.zzbk
com.google.android.gms.wearable.internal.zzbl
com.google.android.gms.wearable.internal.zzbm
com.google.android.gms.wearable.internal.zzbn
com.google.android.gms.wearable.internal.zzbo
com.google.android.gms.wearable.internal.zzbp
com.google.android.gms.wearable.internal.zzbq
com.google.android.gms.wearable.internal.zzbr
com.google.android.gms.wearable.internal.zzbs
com.google.android.gms.wearable.internal.zzbt
com.google.android.gms.wearable.internal.zzbu
com.google.android.gms.wearable.internal.zzbv
com.google.android.gms.wearable.internal.zzbw
com.google.android.gms.wearable.internal.zzbx
com.google.android.gms.wearable.internal.zzby
com.google.android.gms.wearable.internal.zzbz
com.google.android.gms.wearable.internal.zzc
com.google.android.gms.wearable.internal.zzca
com.google.android.gms.wearable.internal.zzcb
com.google.android.gms.wearable.internal.zzcc
com.google.android.gms.wearable.internal.zzcd
com.google.android.gms.wearable.internal.zzce
com.google.android.gms.wearable.internal.zzcf
com.google.android.gms.wearable.internal.zzcg
com.google.android.gms.wearable.internal.zzch
com.google.android.gms.wearable.internal.zzci
com.google.android.gms.wearable.internal.zzcj
com.google.android.gms.wearable.internal.zzck
com.google.android.gms.wearable.internal.zzcl
com.google.android.gms.wearable.internal.zzcm
com.google.android.gms.wearable.internal.zzcn
com.google.android.gms.wearable.internal.zzco
com.google.android.gms.wearable.internal.zzcp
com.google.android.gms.wearable.internal.zzcq
com.google.android.gms.wearable.internal.zzcr
com.google.android.gms.wearable.internal.zzcs
com.google.android.gms.wearable.internal.zzct
com.google.android.gms.wearable.internal.zzcu
com.google.android.gms.wearable.internal.zzcv
com.google.android.gms.wearable.internal.zzcw
com.google.android.gms.wearable.internal.zzcx
com.google.android.gms.wearable.internal.zzcy
com.google.android.gms.wearable.internal.zzcz
com.google.android.gms.wearable.internal.zzd
com.google.android.gms.wearable.internal.zzda
com.google.android.gms.wearable.internal.zzdb
com.google.android.gms.wearable.internal.zzdc
com.google.android.gms.wearable.internal.zzdd
com.google.android.gms.wearable.internal.zzde
com.google.android.gms.wearable.internal.zzdf
com.google.android.gms.wearable.internal.zzdg
com.google.android.gms.wearable.internal.zzdh
com.google.android.gms.wearable.internal.zzdi
com.google.android.gms.wearable.internal.zzdj
com.google.android.gms.wearable.internal.zzdk
com.google.android.gms.wearable.internal.zzdl
com.google.android.gms.wearable.internal.zzdm
com.google.android.gms.wearable.internal.zzdn
com.google.android.gms.wearable.internal.zzdo
com.google.android.gms.wearable.internal.zzdp
com.google.android.gms.wearable.internal.zzdq
com.google.android.gms.wearable.internal.zzdr
com.google.android.gms.wearable.internal.zzds
com.google.android.gms.wearable.internal.zzdt
com.google.android.gms.wearable.internal.zzdu
com.google.android.gms.wearable.internal.zzdv
com.google.android.gms.wearable.internal.zzdw
com.google.android.gms.wearable.internal.zzdx
com.google.android.gms.wearable.internal.zzdy
com.google.android.gms.wearable.internal.zzdz
com.google.android.gms.wearable.internal.zze
com.google.android.gms.wearable.internal.zzea
com.google.android.gms.wearable.internal.zzeb
com.google.android.gms.wearable.internal.zzec
com.google.android.gms.wearable.internal.zzed
com.google.android.gms.wearable.internal.zzee
com.google.android.gms.wearable.internal.zzef
com.google.android.gms.wearable.internal.zzeg
com.google.android.gms.wearable.internal.zzeh
com.google.android.gms.wearable.internal.zzei
com.google.android.gms.wearable.internal.zzej
com.google.android.gms.wearable.internal.zzek
com.google.android.gms.wearable.internal.zzel
com.google.android.gms.wearable.internal.zzem
com.google.android.gms.wearable.internal.zzen
com.google.android.gms.wearable.internal.zzeo
com.google.android.gms.wearable.internal.zzep